Arguments: 
  /usr/local/bin/node /Users/parpitha/.yarn/bin/yarn.js add create-react-app myreactapp

PATH: 
  /Users/parpitha/.yarn/bin:/Users/parpitha/.config/yarn/global/node_modules/.bin:/Library/Frameworks/Python.framework/Versions/3.9/bin:/usr/local/bin:/usr/bin:/bin:/usr/sbin:/sbin:/Library/Apple/usr/bin

Yarn version: 
  1.22.5

Node version: 
  14.16.1

Platform: 
  darwin x64

Trace: 
  Error: http://artifactory.cdk.com/artifactory/api/npm/npm-repo/myreactapp: not_found
      at Request.params.callback [as _callback] (/Users/parpitha/.yarn/lib/cli.js:66988:18)
      at Request.self.callback (/Users/parpitha/.yarn/lib/cli.js:140749:22)
      at Request.emit (events.js:315:20)
      at Request.<anonymous> (/Users/parpitha/.yarn/lib/cli.js:141721:10)
      at Request.emit (events.js:315:20)
      at IncomingMessage.<anonymous> (/Users/parpitha/.yarn/lib/cli.js:141643:12)
      at Object.onceWrapper (events.js:421:28)
      at IncomingMessage.emit (events.js:327:22)
      at endReadableNT (internal/streams/readable.js:1327:12)
      at processTicksAndRejections (internal/process/task_queues.js:80:21)

npm manifest: 
  No manifest

yarn manifest: 
  No manifest

Lockfile: 
  No lockfile
